<?xml version="1.0" encoding="UTF-8" ?>
<testsuite failures="0" time="0.006" errors="0" skipped="0" tests="1" name="super_test_class">
<properties />
<testcase time="0.006" classname="super_test_class" name="runSomethingMeaningful">
</testcase>
</testsuite>